<?xml version="1.0" encoding="UTF-8"?>
<testsuite name="de.htw.berlin.webtech.WebTech.WebTechApplicationTests" tests="1" skipped="0" failures="0" errors="0" timestamp="2023-05-15T11:15:41" hostname="MacBook-Pro-von-Sinem.local" time="0.352">
  <properties/>
  <testcase name="contextLoads()" classname="de.htw.berlin.webtech.WebTech.WebTechApplicationTests" time="0.352"/>
  <system-out><![CDATA[13:15:37.366 [Test worker] DEBUG org.springframework.boot.test.context.SpringBootTestContextBootstrapper -- Neither @ContextConfiguration nor @ContextHierarchy found for test class [WebTechApplicationTests]: using SpringBootContextLoader
13:15:37.379 [Test worker] DEBUG org.springframework.test.context.support.AbstractContextLoader -- Could not detect default resource locations for test class [de.htw.berlin.webtech.WebTech.WebTechApplicationTests]: no resource found for suffixes {-context.xml, Context.groovy}.
13:15:37.379 [Test worker] INFO org.springframework.test.context.support.AnnotationConfigContextLoaderUtils -- Could not detect default configuration classes for test class [de.htw.berlin.webtech.WebTech.WebTechApplicationTests]: WebTechApplicationTests does not declare any static, non-private, non-final, nested classes annotated with @Configuration.
13:15:37.409 [Test worker] DEBUG org.springframework.boot.test.context.SpringBootTestContextBootstrapper -- Using ContextCustomizers for test class [WebTechApplicationTests]: [DisableObservabilityContextCustomizer, PropertyMappingContextCustomizer, Customizer, ExcludeFilterContextCustomizer, DuplicateJsonObjectContextCustomizer, MockitoContextCustomizer, TestRestTemplateContextCustomizer]
13:15:37.546 [Test worker] DEBUG org.springframework.context.annotation.ClassPathScanningCandidateComponentProvider -- Identified candidate component class: file [/Users/krtgls/ToDoListApp/build/classes/java/main/de/htw/berlin/webtech/WebTech/WebTechApplication.class]
13:15:37.552 [Test worker] INFO org.springframework.boot.test.context.SpringBootTestContextBootstrapper -- Found @SpringBootConfiguration de.htw.berlin.webtech.WebTech.WebTechApplication for test class de.htw.berlin.webtech.WebTech.WebTechApplicationTests
13:15:37.663 [Test worker] DEBUG org.springframework.boot.test.context.SpringBootTestContextBootstrapper -- Using TestExecutionListeners for test class [WebTechApplicationTests]: [ServletTestExecutionListener, DirtiesContextBeforeModesTestExecutionListener, ApplicationEventsTestExecutionListener, MockitoTestExecutionListener, DependencyInjectionTestExecutionListener, DirtiesContextTestExecutionListener, TransactionalTestExecutionListener, SqlScriptsTestExecutionListener, EventPublishingTestExecutionListener, RestDocsTestExecutionListener, MockRestServiceServerResetTestExecutionListener, MockMvcPrintOnlyOnFailureTestExecutionListener, WebDriverTestExecutionListener, MockWebServiceServerTestExecutionListener, ResetMocksTestExecutionListener]
13:15:37.664 [Test worker] DEBUG org.springframework.test.context.support.AbstractDirtiesContextTestExecutionListener -- Before test class: class [WebTechApplicationTests], class annotated with @DirtiesContext [false] with mode [null]

  .   ____          _            __ _ _
 /\\ / ___'_ __ _ _(_)_ __  __ _ \ \ \ \
( ( )\___ | '_ | '_| | '_ \/ _` | \ \ \ \
 \\/  ___)| |_)| | | | | || (_| |  ) ) ) )
  '  |____| .__|_| |_|_| |_\__, | / / / /
 =========|_|==============|___/=/_/_/_/
 :: Spring Boot ::                (v3.0.6)

2023-05-15T13:15:38.180+02:00  INFO 51249 --- [    Test worker] d.h.b.w.WebTech.WebTechApplicationTests  : Starting WebTechApplicationTests using Java 17.0.2 with PID 51249 (started by krtgls in /Users/krtgls/ToDoListApp)
2023-05-15T13:15:38.185+02:00  INFO 51249 --- [    Test worker] d.h.b.w.WebTech.WebTechApplicationTests  : No active profile set, falling back to 1 default profile: "default"
2023-05-15T13:15:39.300+02:00  INFO 51249 --- [    Test worker] .s.d.r.c.RepositoryConfigurationDelegate : Bootstrapping Spring Data JPA repositories in DEFAULT mode.
2023-05-15T13:15:39.327+02:00  INFO 51249 --- [    Test worker] .s.d.r.c.RepositoryConfigurationDelegate : Finished Spring Data repository scanning in 18 ms. Found 0 JPA repository interfaces.
2023-05-15T13:15:40.109+02:00  INFO 51249 --- [    Test worker] o.hibernate.jpa.internal.util.LogHelper  : HHH000204: Processing PersistenceUnitInfo [name: default]
2023-05-15T13:15:40.155+02:00  INFO 51249 --- [    Test worker] org.hibernate.Version                    : HHH000412: Hibernate ORM core version 6.1.7.Final
2023-05-15T13:15:40.443+02:00  INFO 51249 --- [    Test worker] com.zaxxer.hikari.HikariDataSource       : HikariPool-1 - Starting...
2023-05-15T13:15:40.647+02:00  INFO 51249 --- [    Test worker] com.zaxxer.hikari.pool.HikariPool        : HikariPool-1 - Added connection conn0: url=jdbc:h2:mem:670b58b8-ee32-497d-bc64-0ffd574cab8a user=SA
2023-05-15T13:15:40.651+02:00  INFO 51249 --- [    Test worker] com.zaxxer.hikari.HikariDataSource       : HikariPool-1 - Start completed.
2023-05-15T13:15:40.674+02:00  INFO 51249 --- [    Test worker] SQL dialect                              : HHH000400: Using dialect: org.hibernate.dialect.H2Dialect
2023-05-15T13:15:40.945+02:00  INFO 51249 --- [    Test worker] o.h.e.t.j.p.i.JtaPlatformInitiator       : HHH000490: Using JtaPlatform implementation: [org.hibernate.engine.transaction.jta.platform.internal.NoJtaPlatform]
2023-05-15T13:15:40.956+02:00  INFO 51249 --- [    Test worker] j.LocalContainerEntityManagerFactoryBean : Initialized JPA EntityManagerFactory for persistence unit 'default'
2023-05-15T13:15:41.677+02:00  INFO 51249 --- [    Test worker] o.s.b.a.h2.H2ConsoleAutoConfiguration    : H2 console available at '/db-console'. Database available at 'jdbc:h2:mem:670b58b8-ee32-497d-bc64-0ffd574cab8a'
2023-05-15T13:15:41.756+02:00  INFO 51249 --- [    Test worker] d.h.b.w.WebTech.WebTechApplicationTests  : Started WebTechApplicationTests in 4.01 seconds (process running for 5.754)
]]></system-out>
  <system-err><![CDATA[]]></system-err>
</testsuite>
